[discord.com/app.html]
[backblue.gif]
[fade.gif]
[index.html]
[discord.com/undefined/discord.com/assets/652f40427e1f5186ad54836074898279.png]
[discord.com/assets/b063ffced53d3d92b0f9.js]
[discord.com/assets/b4499d2a6b9046b1b402.js]
[discord.com/assets/4b58fa778cc38e586a72.js]
[discord.com/assets/1b3d7c087c542f638a91.js]
[discord.com/assets/a20c46bd659294422d41.js]
[discord.com/assets/38c96749096ac4dbb7f0.js]
[discord.com/assets/89c07f6464c4df65e564.js]
[discord.com/assets/dc27e9f8c501ecdfe290.js]
[discord.com/assets/8f93f86c59c3412004f3.js]
[discord.com/assets/162fc02992107d345c57.js]
[discord.com/assets/084c64d6d9632bdaef4c.js]
[discord.com/assets/a61e320fef9e4978129d.js]
[discord.com/assets/21745c109daea8ac7200.js]
[discord.com/assets/95bdc3467a6f9704427a.js]
[discord.com/assets/3d254cb399d2119a8a65.js]
[discord.com/assets/88e3750d7596eeac7a2a.js]
[discord.com/assets/3827bbf0db53b62b9e59.js]
[discord.com/assets/a5ae620bebdba1171c98.js]
[discord.com/assets/5646895c69a62dd30b4a.js]
[discord.com/assets/cfd11978faf3770c8868.js]
[discord.com/assets/db004d71d56dfd06c545.js]
[discord.com/assets/8b8d59415a7b150e4345.js]
[discord.com/assets/a395a971fbb4a4600932.js]
[discord.com/assets/70bec3347226453d31d8.js]
[discord.com/assets/31ad54ba3aa81169646a.js]
[discord.com/assets/fc79e7f6a222f8fad4d8.js]
[discord.com/assets/ad8ed81ccf4ef8aef026.js]
[discord.com/assets/2d4a119f178f5c654f14.js]
[discord.com/assets/fdfc70786b48d3c5b3ee.js]
[discord.com/assets/c7152123bc1850ec63ec.js]
[discord.com/assets/fd20beec44d66f3ddca4.js]
[discord.com/assets/6349666ce06e43ead0c8.js]
[discord.com/assets/5efbe31dcf00949265cc.js]
[discord.com/assets/6f5e7b77ea31a0402eb1.js]
[discord.com/assets/f42876ea40f052f92160.js]
[discord.com/assets/152c589f6521fb4ad8a2.js]
[discord.com/assets/e4e832c5c8a0fb524d08.js]
[discord.com/assets/e888aeb7b219900a0068.js]
[discord.com/assets/7fa4b8f6c7495612ba1b.js]
[discord.com/assets/b564fb9702f5f4a40bea.js]
[discord.com/assets/b0f7f08ff2affe336014.js]
[discord.com/assets/d90f86c334e7e2465a23.js]
[discord.com/assets/1d8fe1ee2bbf1ea12c35.js]
[discord.com/assets/3a4ee1a022b3912a0922.js]
[discord.com/assets/4dccdeaee5a992c29421.js]
[discord.com/assets/241d154fa82cff391b40.js]
[discord.com/assets/ec2c34cadd4b5f4594415127380a85e6.ico]
[discord.com/cdn-cgi/bm/cv/669835187/api.js]
[discord.com/assets/40532.283dea0ae27a51c07073.css]
[discord.com/assets/17ddd28a4e36a84c68a1.js]
[discord.com/assets/91ebe247681bdfb0fca7.js]
[discord.com/assets/3a9163ce96437652b4c7.js]
[discord.com/app.html]
[discord.com/undefined/discord.com/assets/652f40427e1f5186ad54836074898279.html]
[discord.com/assets/45a73b117990bab4b99daa7fd456e50f.png]
[discord.com/assets/22fd790491653d837422d80e3500cf92.svg]
[discord.com/assets/c5c565a8b7cb84db7409e4052ead36fe.png]
[discord.com/assets/490864169c9ad323ba882ed7a388ca64.svg]
[discord.com/assets/0465bf5dca08d42fb8b642ecba138d03.svg]
[discord.com/assets/86548cb347b5acfb41bcb328c89b9bdc.svg]
[discord.com/assets/0a111abac0327b74a86ee380548ec5cd.svg]
[discord.com/assets/5656f17248cf747f56433a1d60c8c1bf.svg]
[discord.com/assets/46933da896ba96126074286056614542.woff2]
[discord.com/assets/1651ce6325c0da043476ace0bec3971b.woff2]
[discord.com/assets/24bda95d153a319704c33329f3ab84bb.woff2]
[discord.com/assets/7f18f1d5ab6ded7cf71bbc1f907ee3d4.woff2]
[discord.com/assets/cf4a8a10bbdf9b775fad41e0b9921c84.woff2]
[discord.com/assets/b7b15ebc97eabb225225.js]
[discord.com/assets/9cfa747e897c772d25efd8e4a42a005e.woff2]
[discord.com/assets/f9e7047f6447547781512ec4b977b2ab.woff2]
[discord.com/assets/21070f52a8a6a61edef9785eaf303fb8.woff2]
[discord.com/assets/f9c8fcfa7dcc5d6a291a6ebbe3bb847e.woff2]
[discord.com/assets/5e1649183589023fb24667a369af585d.woff2]
[discord.com/assets/ab688947d482808a0b3347f84ebb17a9.woff2]
[discord.com/assets/0635f419b122d24f9f60ac4d1066cbc6.woff2]
[discord.com/assets/91dcabd038a2e07ea6fbe7ddb625ecfb.woff2]
[discord.com/assets/ea053183733605b24806f222b067b1e1.woff2]
[discord.com/assets/9491a199bd318f1fc38711fb5067f401.woff2]
[discord.com/assets/f0cf30536a7fa447f0c45fdb3b2a6f28.woff2]
[discord.com/assets/7d66dfcf8e39f27f163fba8d79577fd8.woff2]
[discord.com/assets/9a07cb5ae387a52309b7198543ae5e02.woff2]
[discord.com/assets/5e6f352adb4a6b55ed230f2f91769156.woff2]
[discord.com/assets/30b475dcfa1e8b74d815946e4c18ee09.woff2]
[discord.com/assets/1ace668db419a5014cf75bc116321af3.woff2]
[discord.com/assets/50510b66614a2f395530c61b7c9b6827.woff2]
[discord.com/assets/9e94673570e295b6fb5d4456c4211015.woff2]
[discord.com/assets/6603a2fb4d2bc997e023972a51938144.woff2]
[discord.com/assets/87c79174865938aedf188b7344fb0428.woff2]
[discord.com/assets/d93311938f51e8608a5d5cb2ea975157.woff2]
[discord.com/assets/bc5af8e71e27d363e2eeac75c9628922.woff2]
[discord.com/assets/dc407fd65057fce34a56bf7b6ebb0b9f.woff2]
[discord.com/assets/fcd92bc77a099db37095457dd4dd2eec.svg]
[discord.com/assets/e689380400b1f2d2c6320a823a1ab079.svg]
[discord.com/assets/e83eaad3ae5c32a355b55f157e6cd3da.svg]
[discord.com/assets/bdfdb44edfec770fb4e448cbbebfe922.svg]
[discord.com/assets/3a10988d0f55c63294100b270818207a.svg]
[discord.com/assets/ba356d72b838326dae400f83c813411c.svg]
[discord.com/assets/48e17966070e58a560c33ccbe732058a.svg]
[discord.com/assets/3f0d56bf816fb54a4b70ef02e4f25687.svg]
[discord.com/assets/47034abf987d576279eef987473083b5.svg]
[discord.com/assets/74dabd23b4a8e624e0dc10b550b20b1f.svg]
[discord.com/assets/904d64be1ff945b93e95da5cef359eb8.svg]
[discord.com/assets/ad36553983828f46952c9ed776862250.svg]
[discord.com/assets/bc3d41e9c8cfc895a6f3caf66becb73b.svg]
[discord.com/assets/e803058a80fe9934741944df059f9763.svg]
[discord.com/assets/9121ee2c33595951f64e9398612a537e.svg]
[discord.com/assets/e310a4344ee7c4e812bb063375b41e30.svg]
[discord.com/assets/db4248ddd8d0f1799a849d824d466f57.svg]
[discord.com/assets/ad97c7ddd72e9fe28e0c9bd9ea777c8e.svg]
[discord.com/assets/02d35d04fa05b5322334f4bd2324e09b.svg]
[discord.com/assets/3facc8fa46487a0aa304b121d3f28bbe.svg]
[discord.com/assets/7d33cb354cdfcf74d7cfa903a194b1f4.svg]
[discord.com/assets/4dea3a3f0e77d5158c99a44c9efac74d.svg]
[discord.com/assets/8396c7887cb828f5657a74646756fe77.svg]
[discord.com/assets/eb7086fd8c74f5c8268053bb6f746f75.svg]
[discord.com/assets/7d65d61e6cd25bf1847ec2d3e4a0144d.svg]
[discord.com/assets/1e626bd0dd9e3b21d0bd2881ee27aed5.svg]
[discord.com/assets/bc4473694702a770254612888326b5bd.svg]
[discord.com/assets/8d2cc61d9f06d4b1fb0e3b15b36b2817.svg]
[discord.com/assets/88635b43b1f70f094f034b1cce8ab329.svg]
[discord.com/assets/0d38d74cb19e600ad23ab12cb04bf3e5.svg]
[discord.com/assets/bb0498a0c697a956f54f2b26216d6a2e.svg]
[discord.com/assets/b49c87140d056234c2566d1806bd510a.svg]
[discord.com/assets/516c40b09f86cc79d7127c173dfffe22.svg]
[discord.com/assets/98d607da06d333690a5d16e9ae5317fa.svg]
[discord.com/assets/d8a7af65c03bfd40df71756283194bd4.svg]
[discord.com/assets/0dbdf08cf751af0a297d08948fff98ae.svg]
[discord.com/assets/132802a4de662c8581f75aaa9df281d9.svg]
[discord.com/assets/aeeddeacb76b998eb8812d5e30cc8c30.svg]
[discord.com/assets/c1dfd235e8d2b003634956536b3d2d47.svg]
[discord.com/assets/f8944710e64871658f6db8d977b62442.svg]
[discord.com/assets/dd7cd33166cc25b532bcbac1053d34aa.svg]
[discord.com/assets/522d0515f2aff1feb5ab80b948593e20.svg]
[discord.com/assets/4f3b99b76c1158fdd5606d1a782a1516.svg]
[discord.com/assets/aca5d7597a3e0a6496c4833ed85aca34.svg]
[discord.com/assets/25d8e777eb5efc5f8f24dd0529e1c208.svg]
[discord.com/assets/d9b856952d74569f7ea43a8924298f05.svg]
[discord.com/assets/2163b069be6ff10ed16e101c980a7c0d.svg]
[discord.com/assets/3abb539c6a85a5b8dcd4da5340d1a738.svg]
[discord.com/assets/82724216ddca798abb9f00ba4a8664b1.svg]
[discord.com/assets/27d1125b6bdbe688aff9b7ee87f4f9b7.svg]
[discord.com/assets/bd6accf050484943dee720c8dcfe32de.svg]
[discord.com/assets/9ee155142daa13a74e603cc1c1bad485.svg]
[discord.com/assets/6f6d652ea8bb11a8acde40a2916d2328.svg]
[discord.com/assets/feaff2557c548146aad83669db695e0b.svg]
[discord.com/assets/9a31e0f65d520cc12d7f42374d59a2d1.svg]
[discord.com/assets/335c097a216b2d5a3d1e2660f54139e6.svg]
[discord.com/assets/0fce6d7622d8173fcee0397634bff5b5.svg]
[discord.com/assets/7619529e87dad31fd2ae83d9b9583e49.svg]
[discord.com/assets/d5f72aff96864249408bb1023ce606c4.svg]
[discord.com/assets/9ad7e2f1ba2b687392a451866e8c1e9e.svg]
[discord.com/assets/ccd6653e4b9cedf670a9cb04cf266668.svg]
[discord.com/assets/b55aae0bca1abd3369da79d1e6618211.svg]
[discord.com/assets/c6252bc3f9adf69da8ef5af3b8e04c01.svg]
[discord.com/assets/a9cea9dcca399579f75e78d703989496.svg]
[discord.com/assets/d4303335f7d43a0f62cb9061f638974a.svg]
[discord.com/assets/f2b6352b388b1db124b024a67715adc3.svg]
[discord.com/assets/9f981a4377e84c4bbddeb477133793be.svg]
[discord.com/assets/5d57632291e09c5bc2b5d6a0b20179fa.png]
[discord.com/assets/9aaa6213fb0f5a266ceeb9395375ef8e.svg]
[discord.com/assets/dbca7d266dfd0c9bcf90013cb4a2814b.svg]
[discord.com/assets/4505cadcbd8107f1b72d0321f6800de5.svg]
[discord.com/assets/6e59980470e93127806be9304b7dc2ec.svg]
[discord.com/assets/1b30c341ef8e07222e5fbb4982b15fed.svg]
[discord.com/assets/4f2de8336d160442c074045047924e95.svg]
[discord.com/assets/dced41c080d0a15787074c0c828b094c.svg]
[discord.com/assets/acdcdf7b374842a2904df0c9bf4cea9f.svg]
[discord.com/assets/f0b5aa3811bdd1f1c230a55a9dae5c55.svg]
[discord.com/assets/de09c1a167a87741246b9f3ec239e0ea.svg]
[discord.com/assets/d20e43cdcadf850cfd8d4e953df0f3b4.png]
[discord.com/assets/a7d42e6f52d4e9f4d5be448d267cda8f.svg]
[discord.com/assets/d7dddb95a4f4478bd53f16f2549a28a3.svg]
[discord.com/assets/3b308ce4ff40614b2fd543c826b3e192.svg]
[discord.com/assets/8a8ba76326c92159d8712b6fe2c39cc0.svg]
[discord.com/assets/6e99eb3adc1f2154c96d5ea33563b14c.svg]
[discord.com/assets/d5b3f5d3fc31cc6e7af394e139111b68.svg]
[discord.com/assets/04a2e1509ad72be575b1529b51ea3977.svg]
[discord.com/assets/6ad70a75e9c902fa39bcdddbdbd2b3f0.png]
[discord.com/assets/dda3b174d159c95f4531c4384d153edd.png]
[discord.com/assets/94ff6fdc535b6ecb7b1bc54f2dd56a10.svg]
[discord.com/assets/f6af0869894912b0d08e2729fd9c22c9.svg]
[discord.com/assets/d1dab93347ab65e2b31d9dc39c9c5a9a.svg]
[discord.com/assets/a49aa0af67106dfc5fed4d6ebfa011c9.svg]
[discord.com/assets/86498d69483fd2386d7a4bc82a93ded3.svg]
[discord.com/assets/1e3eefd7b16f4e6b59faa3e3d48f582f.svg]
[discord.com/assets/f448e486ed9792938c6dcec4c476734b.svg]
[discord.com/assets/28e8c52ad284779a9272dad02a70fa4e.svg]
[discord.com/assets/82b585afafcfb12c4d013635a4543bb5.svg]
[discord.com/assets/56b42ec7fdca5d48afd672a7163b9c06.png]
[discord.com/assets/9fbc3289310d3e4e6f1bfb668f3e8c63.png]
[discord.com/assets/f815a774c2b98d3109293a4e2afb733c.svg]
[discord.com/assets/78d93b25ab9e4fe1ee76ec312cf92dbb.svg]
[discord.com/assets/6ff26e2f51845db3ea3007037a43b167.svg]
[discord.com/assets/e61baf173edfbd88037ecdd2c793834e.svg]
[discord.com/assets/42ef570609616c81cc9f7159e08b1353.svg]
[discord.com/assets/99b4e2a4b65960511001b49b9a019e7f.svg]
[discord.com/assets/849927c9fad5972b8c02891fa64850f3.svg]
[discord.com/assets/80d54b21bc78a138787d5d27ec3e29ea.svg]
[discord.com/assets/d5bd759fc308772cbf277188cabdcc8f.svg]
[discord.com/assets/ad21e9327e71ab990fd1d7fb8cea66fc.svg]
[discord.com/assets/0eeb095cd923afdf420687347dc673ff.svg]
[discord.com/assets/9bc915142490d58b13ec0338055f5951.svg]
[discord.com/assets/80cb895c1ed74292d5cf0acabe103f32.svg]
[discord.com/assets/f3c810f01750d03953bf7227d360ee96.svg]
[discord.com/assets/ea6fbee8930d2ece33ce9c1cabb73304.svg]
[discord.com/assets/10f3f92b805960104c31ce9a33cbf87b.svg]
[discord.com/assets/0f1ee6bbf5a1ce9e9c6b37d2250223fa.svg]
[discord.com/assets/ff0ee0066558e1230f23a4a1c2f41bc2.svg]
[discord.com/assets/fa890ac72a9871fbe24c7a74cf2aa76a.svg]
[discord.com/assets/61182cd5889085a3f10f44136c6755c5.svg]
[discord.com/assets/0900938b69556e12856351142790eb44.svg]
[discord.com/assets/aa57ca05643e288556792f7988a45645.svg]
[discord.com/assets/3bbf81d9d0fa5c24795874e74c1ea08e.svg]
[discord.com/assets/7882c2216722a350bf14b0857360b76e.svg]
[discord.com/assets/4f9371d0bc8f05912d37af37e964d7ae.svg]
[discord.com/assets/6885526679ec150e9b8cee5f62f338d8.svg]
[discord.com/assets/d8ce9bec7a520cb905532aa7ee58197b.svg]
[discord.com/assets/bc02d60ea7f4aa5b6c4b043b9fa1426b.svg]
[discord.com/assets/6d70d302ed36f6ac6f97341027611e44.svg]
[discord.com/assets/e0dd6dd93ee71d0f3aaeac874aa4a0b2.svg]
[discord.com/assets/95285021063ce0032d8487edd56d8fa2.svg]
[discord.com/assets/ab5248827864bebaa1c6ff6a5247c715.svg]
[discord.com/assets/9c3bf6d67a4d6bef3c14d761ba11c000.svg]
[discord.com/assets/2006fcf7e8f1af88b5d3e323c750e8a8.svg]
[discord.com/assets/a58b28d84a1a949b4523fd79083c806f.svg]
[discord.com/assets/c2183335958f17681dec63cca0e72c5a.svg]
[discord.com/assets/65454777d66570697a69882f93146ea3.svg]
[discord.com/assets/515d0236bce3ba834026209dc78489f0.svg]
[discord.com/assets/a532e755c36b75762a75ff0794456efb.svg]
[discord.com/assets/35827c42a3af54bd169cff0a866eb428.svg]
[discord.com/assets/7252adb1cdb9603a49ce1bab7c3c41e7.svg]
[discord.com/assets/325421cb49d6e0717b8c7b9dfa2d4bdc.svg]
[discord.com/assets/5acc0abb7cbb015848085fc0993142bf.svg]
[discord.com/assets/a4389a7644d1ec25e7132159b71c5175.svg]
[discord.com/assets/ad55c3f2f2354618478e36f2a10f2ea3.svg]
[discord.com/assets/157ccfe93c91db60adddd48a75b69205.svg]
[discord.com/assets/9655e45a31ab290cf812ba2de902f232.svg]
[discord.com/assets/c1ebd9af7ce0a639af9d99b4980bda13.svg]
[discord.com/assets/6b35b41a1e3a8099667499b71414328b.svg]
[discord.com/assets/7b3a37fa249a857b0ff136db0a73f44c.svg]
[discord.com/assets/71581d199cdc2488d0918b917053d8c5.svg]
[discord.com/assets/4a1000a95b1aad334e98f9d15b9d0ec4.svg]
[discord.com/assets/be5f088125f778701a7e4fad471a45da.svg]
[discord.com/assets/82d8c5ce20dacf4bedb99089446ff365.svg]
[discord.com/assets/7e5013a9afc1404b0b89d99aaec0b398.png]
[discord.com/assets/ac4e8d510fe8708104eddbe1b9597e1c.svg]
[discord.com/assets/b5ad3c52d0699af9b6987839875450d4.svg]
[discord.com/assets/eb69ec9fdd30653a3ade1ab501a7cd3d.svg]
[discord.com/assets/ec9826d3496e1fa6b695692bc7faba1d.svg]
[discord.com/assets/c970061def69b8226617841ca3089219.svg]
[discord.com/assets/46b24114f7276738329be3ae84e22da4.svg]
[discord.com/assets/b13ade832d7f19e30c5d2452b6cbdd53.svg]
[discord.com/assets/f334f65e4bd0c524ed8d2df198a2a7a8.svg]
[discord.com/assets/c2ed47028ad0b4603546768842e248f7.svg]
[discord.com/assets/b820b6002cb6ff7c3c2fb123d72c7866.svg]
[discord.com/assets/5ac6560624e22a61fff2594ffbaa354d.svg]
[discord.com/assets/313e343112d519165f840fbeb5e709b1.svg]
[discord.com/assets/e0989b9d43cd9ca4417b49f4f8fbebc6.svg]
[discord.com/assets/10883f4297b061ad31a056bcf2191699.svg]
[discord.com/assets/3086e999053d564a340193ef2f0e3dcd.svg]
[discord.com/assets/2366391afb15ed6c2a019a0c0caa0797.svg]
[discord.com/assets/6345e6aced36309efc7fe28a539383ab.svg]
[discord.com/assets/4da5a1105f56c7344ec198e25e99ce1b.svg]
[discord.com/assets/c7f26927db5e7806790f4e968038630a.svg]
[discord.com/assets/9eccd9710a1b3c2b7127bc1ab191a423.svg]
[discord.com/assets/293d215cc67a256ed2ef775e28922b3a.svg]
[discord.com/assets/8fb53e999888053aa3d85d4c61e26959.png]
[discord.com/assets/ca9e397003df8b46709315d7a248c7de.svg]
[discord.com/assets/4f1b647aa3292d7d0c30658b659ed9f3.svg]
[discord.com/assets/d54b57e679714330982ff702e8f7f545.svg]
[discord.com/assets/b48ae9414698d83a5c39784b21a05547.svg]
[discord.com/assets/e2eb5f84f9f23d1abea5eae9987c0aa0.svg]
[discord.com/assets/0d04b819030111d1e27214be2bbe326b.svg]
[discord.com/assets/4d778f647fdb98bb77f6ebf5e2a5c188.svg]
[discord.com/assets/750a8ead5eca8745b14658a4ba5b0128.svg]
[discord.com/assets/70ef03e1dff821c96d373e035a0c7099.svg]
[discord.com/assets/0f152ba7085db988df2a28481e286102.svg]
[discord.com/assets/9b172a02c7a036b9e8eee3bb4f92081f.svg]
[discord.com/assets/03e1ac95e0dd757f16dc200bf6af9ba3.svg]
[discord.com/assets/1416806a4bfc6697e12807cd303914b2.svg]
[discord.com/assets/495e7ca1850af3ddc8bc130617549480.svg]
[discord.com/assets/ce73613685f715d326709ec90c1cd741.svg]
[discord.com/assets/f4e7ce8e56f954f5835783c9bd4ccaeb.svg]
[discord.com/assets/a04f42085864190541e748607e0f217f.svg]
[discord.com/assets/8aefe065ee9c1974b1b59b450e7e86a4.svg]
[discord.com/assets/04d7ca8cfb04c92c05baf63d8dd3a84c.png]
[discord.com/assets/22a50c5f66884ef5762f0a0b96d1ef08.png]
[discord.com/assets/3a213f4f415b8587b397fd6043d4bc1a.png]
[discord.com/assets/d691a1d7aa78c8b0b10f984d33f5e1e0.png]
[discord.com/assets/bf2d7cd12bbcec93478a485271fb31c6.png]
[discord.com/assets/e31367eb38fe285a4bbc86b2e62a42df.png]
[discord.com/assets/1c20f6ecd2d83c1844a3fd6da306d239.png]
[discord.com/assets/64aaf58241b1f4a6c9655564d0f0b028.png]
[discord.com/assets/9e50939d5d7ca61fdb9534298ff2d58a.png]
[discord.com/assets/c13a0b03a798023c27155fad5f0c7a61.png]
[discord.com/assets/eb0e7f0b11970eca575cbdc7718e8482.png]
[discord.com/assets/18d708afcc8653f148927a308b203be2.png]
[discord.com/assets/c4b381a414f9b84d817ec0eb59ffaf3f.svg]
[discord.com/assets/63a3f34794926b2ee4e5ef22b5c31e15.svg]
[discord.com/assets/b21bd7d0978d3e2d41eefa8993333435.svg]
[discord.com/assets/a3e10c71ac14f74e1b70ac3d4fedd868.svg]
[discord.com/assets/8f79e7f01dbb1afeb122cb3e8c4a342f.svg]
[discord.com/assets/f203f5736b9aa0178751342dcc73548a.svg]
[discord.com/assets/7dfacc7529214e45b9e3cfd50979edea.svg]
[discord.com/assets/fcffc6cc34b642da86558cee621bee64.svg]
[discord.com/assets/64daebd4b8234f71908162347e3f8cd0.svg]
[discord.com/assets/b937b563ed01b661b5431a3eb5b9c476.svg]
[discord.com/assets/ee9dc7a136bd13d79c5c995d36a255d5.svg]
[discord.com/assets/66b66e8ee672e7d5c3edd7d139efe166.svg]
[discord.com/assets/1e1068ac8e8da6dff09d86fbbbd7622f.svg]
[discord.com/assets/53a7243150bf05759b81a208b87d3dc5.svg]
[discord.com/assets/887423e438a9b6dcb31a73d597c11a84.svg]
[discord.com/assets/d3bb5f3e5859cc8735a9d87121efb72a.svg]
[discord.com/assets/48c9711c9fabbd43182bcaf602201b48.svg]
[discord.com/assets/0a14344c0e0bfe3a52aa245ecaaebca7.svg]
[discord.com/assets/809b55fb8506efded716cfe138cc792f.svg]
[discord.com/assets/8510ff4ea69220cd228e285469a6b236.svg]
[discord.com/assets/4d8c26b9b004da398fb8940d194e3aaa.svg]
[discord.com/assets/9f65387c814dd4cb5aff4e4e1e7e0446.svg]
[discord.com/assets/a64239d24af91a983ec1fd43fdadb323.svg]
[discord.com/assets/8b7165c3ca8f930bf6a1cf4ad12de85a.svg]
[discord.com/assets/35000dd88d1b338a790f3e387cbd7e7a.svg]
[discord.com/assets/1dabb8ee5d7cb5137c06f958e0091573.svg]
[discord.com/assets/25f3555f54d3c872f0ac7a5922c8eccf.svg]
[discord.com/assets/a04c7c4c4ae704b78f6468eb4cbf734e.svg]
[discord.com/assets/35b49c535a7872bfc0a260fd3b3cb76e.svg]
[discord.com/assets/e1865a8cd9d685b3f6b69d22adc9b429.svg]
[discord.com/assets/54e7d417006439ced906da5709c645ab.svg]
[discord.com/assets/da0c4a32b44b04d50f7951b925a39063.svg]
[discord.com/assets/bdbb8326fbb4834998152887ddbdb0c8.svg]
[discord.com/assets/81673077ca178aa1173cfdca182420d8.svg]
[discord.com/assets/0e42ea80ec097e94d0ea07a548d71419.svg]
[discord.com/assets/c4bc7d01b54d4bb9046bbc5051b1cbf6.svg]
[discord.com/assets/fb792f56515490f402b731abf6af5d45.svg]
[discord.com/assets/1c0a5d38bdeaaad433b68cf6092ed510.svg]
[discord.com/assets/71a7939f9ef15158d98df9631376f556.svg]
[discord.com/assets/f6a272d9794eb33939cf1baa953ceb3e.svg]
[discord.com/assets/87f8416faec0691b96525d0bb3027809.svg]
[discord.com/assets/53f55b3440fdb173157bc186ad55d8df.svg]
[discord.com/assets/a8a60a0c769ac617b7d45ce6dfd6d868.svg]
[discord.com/assets/a5c938bf1cae59967224bba5de081444.svg]
[discord.com/assets/322e40dbe0a53b42e24e55d3dde27302.svg]
[discord.com/assets/74b81ba39f1fcffeb127f170caa3c77a.svg]
[discord.com/assets/e37ba1ce8c91cdcc5527a94624164b86.svg]
[discord.com/assets/c88a796414967a623877f9db65fb573e.svg]
[discord.com/assets/c2444dcd61013024fb748a60011e6795.svg]
[discord.com/assets/300e087e19801f66245a07a278a9feef.svg]
[discord.com/assets/0d6eb13777b695b3992f378496d25c1a.svg]
[discord.com/assets/6af2bcd8d8a9214369181eb73a6ea2bf.svg]
[discord.com/assets/0dcf63b01d328ecb33a6426f0aa0b167.svg]
[discord.com/assets/71e404e665541ef97f99fe9af6593aca.svg]
[discord.com/assets/dd4b5d1ce6a5b8725648791248bf83a5.svg]
[discord.com/assets/0620b6b2ad737c95308e3224ee02ffcc.svg]
[discord.com/assets/21cde355fe6332a12322e26cb18168bd.svg]
[discord.com/assets/9b0fcc83614361996da180dfe508dec0.png]
[discord.com/assets/9328a2df4b542ac8725b57010a52f73b.svg]
[discord.com/assets/3c32e44f20ad22e786aed0252582983c.svg]
[discord.com/assets/8f0bbe7caf676d20bd2734881f173c5e.svg]
[discord.com/assets/06d8e21539e634cbc0f2ecf38f1bb2bb.svg]
[discord.com/assets/831ba24f72b89cc77c325317372b7239.png]
[discord.com/assets/7f9b927507a1c9321da58ab0fafffcd0.png]
[discord.com/assets/1c3ba8528a8f16c8cf0c55e286010420.png]
[discord.com/assets/07d9032e5d30865e0cc076396f0b027a.png]
[discord.com/assets/3785e11ebe8fdcd64db5bb49f2e5299d.png]
[discord.com/assets/22e66f36d4665b822d7cf5b440d885ec.svg]
[discord.com/assets/229a254e529ad5ed1cc98b03ae0e46d0.svg]
[discord.com/assets/2d46ea03c680a9839a38cf9387b23c0d.gif]
[discord.com/assets/ba428dbc5e363a60a0038484863d0659.svg]
[discord.com/assets/23e073eb0ee21f94de11e5d0a7eec50e.svg]
[discord.com/assets/f69210154879227d0ede0308465cf388.svg]
[discord.com/assets/4ded4c98c530d6feeef4cddfd50a1c3d.svg]
[discord.com/assets/dfc166734d9c553eec7081f0cf785d98.svg]
[discord.com/assets/2bd96770d9e72ba7266fbfa23f2f93e1.svg]
[discord.com/assets/691cf187cd943ed81f043740606878e7.svg]
[discord.com/assets/fe7aeea6c0c96a39eefc1d27714ae445.svg]
[discord.com/assets/54205f81874ad989414d6f27565c6439.svg]
[discord.com/assets/ba5dca4936081060ff0575545e5cf09a.svg]
[discord.com/assets/439bf25fd3b8fb637f9ad6991c7165f9.svg]
[discord.com/assets/d4b5fb76bde7eccc9cc729d0d434845b.svg]
[discord.com/assets/48c5a8a2a17ddd205b154a1e0f0adbe8.svg]
[discord.com/assets/e75d0b20881725f13cbd081083e1e838.svg]
[discord.com/assets/139538c2c7f64ae31ce50e23eae3885e.svg]
[discord.com/assets/55de1b4f8dcf61ce75cf1ee1fb88bf09.svg]
[discord.com/assets/8e6931bbb72ea565d3c86d23b5b14e9e.svg]
[discord.com/assets/9e764c1bae67c18c43b505a9a87105ed.svg]
[discord.com/assets/8bf3e4e5bbe9b4b18e696247117d0351.svg]
[discord.com/assets/d64ea1b480519e7ed3858965c3d35076.svg]
[discord.com/assets/d441a32c45c82f6185df2522109cf541.svg]
[discord.com/assets/882c9d0f1a3a662d22041933c3de7a2a.svg]
[discord.com/assets/8e9b02f534e76bf7d3209dac3109cc99.svg]
[discord.com/assets/2a67ff191290e6a76fa827ea24134a59.svg]
[discord.com/assets/00d3179320d7daf562c1540cefccf28d.svg]
[discord.com/assets/34ec9a651f00e971b4f78f2fdd570a97.svg]
[discord.com/assets/e74d1a4db5fe1fd9c19ff9949bba9b7e.svg]
[discord.com/assets/9bf8fed32ea1051b833a89b67cd8de18.svg]
[discord.com/assets/22fd0ab3562af24ea964465bb65531aa.svg]
[discord.com/assets/fd541825b6853aaae233ad9d83e05a18.svg]
[discord.com/assets/528ae525a9823affbcd2a35bd20573b0.svg]
[discord.com/assets/448b698d906ab4d93b609282595a1c9d.svg]
[discord.com/assets/858ab2bdee17ca226df85e23263bcf3a.svg]
[discord.com/assets/da5f0aa4b5ccf0165b4220ba9929ea59.svg]
[discord.com/assets/993b5f52b8bd8d1c1c34cac05015c331.svg]
[discord.com/assets/d0dc8a4c8ea55b119c5c2cccf69b031f.svg]
[discord.com/assets/00124e254d0d86c37f6d02ec0c5b1e02.svg]
[discord.com/assets/e2c0846875f889524e3d60e7d25afa55.svg]
[discord.com/assets/35de2007bfe0db9821881321d8b7c1fe.svg]
[discord.com/assets/9aa6e9df74888ec09885bb08341800be.svg]
[discord.com/assets/bef4eebd4f9e00aabbfa7de1949c8565.svg]
[discord.com/assets/210ac667f45d13bc52020744f008b1ed.svg]
[discord.com/assets/03f717eddad9ac74a1900254625657cf.svg]
[discord.com/assets/aa9f9c29b51e414f0476d4388031aaf4.svg]
[discord.com/assets/dfad85fc7c072498298077f68cf006ca.svg]
[discord.com/assets/7093e58edcd5202a129a6e4fbf427c6d.svg]
[discord.com/assets/c254ffdde9bc5c90c5ec5d9e11dbf382.svg]
[discord.com/assets/561a626f671b8fd8f0c2e85c97df9b04.svg]
[discord.com/assets/eeaa7c1199e8f4cdb46de98c9b924edf.svg]
[discord.com/assets/3d941eb2606379c2ee9b753f7acf2845.svg]
[discord.com/assets/d84fd42fb2edf983cc5b5dc1007a33ca.svg]
[discord.com/assets/afbb21036aa2e7d8f15fa10dd6232fc0.svg]
[discord.com/assets/f2a78cdd6471e760e88d1835e8b137d0.svg]
[discord.com/assets/dc170fee1d99b55abe1c4028f28659e8.svg]
[discord.com/assets/d89511b11686ab5c942b3ef900e3d0eb.svg]
[discord.com/assets/552bbc1a21ccdc1778e72f30154593ef.svg]
[discord.com/assets/cabae264554f285fceed705e2585c439.svg]
[discord.com/assets/2c8eb55866004b9c01f87018f19011e9.svg]
[discord.com/assets/421e9ec77829ec1e4b1dd492dfad2f8a.svg]
[discord.com/assets/4680228d0a03d95dd5f928d62cdda206.png]
[discord.com/assets/8eba753f8b6d02be1013c5e659b0fc2f.png]
[discord.com/assets/424e19296e4f30c0c8424f8407512b94.svg]
[discord.com/assets/f0fd53980da8cde41a97db3cf20de65d.svg]
[discord.com/assets/cbaf9a2a8548c4aae2fc177de072d5d2.svg]
[discord.com/assets/c2d2c156e14ebe83f4bb52c184f2a3a4.svg]
[discord.com/assets/7c41ddc1348f9dbdb3fb1be4bf92f0e4.svg]
[discord.com/assets/3633d3f53044ef4e496fa370813c5905.svg]
[discord.com/assets/d8371709428ae18e72c92a419931f43f.svg]
[discord.com/assets/40c7bc64839852a875c69b4bf2182676.svg]
[discord.com/assets/eb38bedd2469cc0ee75d038314b808de.svg]
[discord.com/assets/6b6db1ab88f06c54d63c553b09822749.svg]
[discord.com/assets/9aab26efad30d10d2a457e25b816bd76.svg]
[discord.com/assets/bd04383ff5def04b9a03fd70f545ae34.svg]
[discord.com/assets/83e99dbc7c072587a2f096e0bf526dd7.png]
[discord.com/assets/192d6baea83c7c91a2d07c81f7fb141a.svg]
[discord.com/assets/208ed87ce5401340f7f0107a37b5d3d4.svg]
[discord.com/assets/caca0f65f52140e03fba15fc666b6500.svg]
[discord.com/assets/42c2c7c4e9cc8342b3d5c34d0211ad69.svg]
[discord.com/assets/30b0855344a020eac6b0ca6eac7032ec.svg]
[discord.com/assets/e3312dc8d97775870f1da4bc1ff61483.svg]
[discord.com/assets/3639bb4c56bed95e6f94afc559c43d47.svg]
[discord.com/assets/5d8ca78c2104a69c181ded43b78e079f.svg]
[discord.com/assets/11bb4ac0e9948234f1aeb60ec214570c.svg]
[discord.com/assets/912c7488630bf6d0da905e3b9293f9eb.svg]
[discord.com/assets/54b294382d96f7ab297288717b354713.svg]
[discord.com/assets/c82a338481fab7f7e335bda505e3f345.svg]
[discord.com/assets/e5556addb7978d2ae5e26c2ccaba2452.svg]
[discord.com/assets/accc8b41fc38a312f8279b963469033d.svg]
[discord.com/assets/f57fff65eb6427350304edd446efbc6d.svg]
[discord.com/assets/7846232810e6f4e37b1bae1e482a9232.svg]
[discord.com/assets/707096e9eaf6b0cf1e36af29ca70e342.svg]
[discord.com/assets/16cbaa97e5daa42bbc69cf064011be69.svg]
[discord.com/assets/3ba82b28fba53cc606486b5cf48c3c30.svg]
[discord.com/assets/7fcb750721a08b543ba49fb04bd04158.svg]
[discord.com/assets/a6e2e9dd83ec6c968d42f004d96e5907.svg]
[discord.com/assets/b43b723336cb382bc2eb8c484abf2160.svg]
[discord.com/assets/c32a6f214c276af4b954c27871de54b4.svg]
[discord.com/assets/9d16f52a2e1916dad97427908397c4d7.svg]
[discord.com/assets/2b793215c12cf157af4164982db28323.svg]
[discord.com/assets/ad66c2b1e739060afe74de24f7cc4f97.svg]
[discord.com/assets/369e96a61ac2a37279f81ba839f3b9b2.svg]
[discord.com/assets/f057d122337814596b28b4640cfc5671.svg]
[discord.com/assets/1172f342cd026cc5e76d117747c63a32.svg]
[discord.com/assets/57ab3aa7de95fc120eb7460789a1e2a7.svg]
[discord.com/assets/05634c67dd717b851ce0599ac9997812.svg]
[discord.com/assets/579816de0b3fa8045cb75173f0ce1c90.svg]
[discord.com/assets/eb160ae7fd249c898814e56872de0fcb.svg]
[discord.com/assets/872ee948daf0cdf444994e7454751e9b.svg]
[discord.com/assets/0d16e62fc3a84fc7e76b06584b646df9.svg]
[discord.com/assets/acb954ff414b98380056308d56efcbfd.svg]
[discord.com/assets/13cb217fd14b022bf4b00dcc8c157238.svg]
[discord.com/assets/e346e6a656f54e928bddef4ca3db088a.svg]
[discord.com/assets/ffa0a8d74568beaa8ec72dd51951685c.svg]
[discord.com/assets/a939f6aa6ca4c7b5d950ce293297ea7a.svg]
[discord.com/assets/5c04f20482acf883864fb4b8ebe4c21d.svg]
[discord.com/assets/821af47396cd9ac94ff55bfb5f5d94c3.svg]
[discord.com/assets/148f1855747994b4d58b685f8a36c591.svg]
[discord.com/assets/c84cb9e80bae3fc33ac8085581bc2246.svg]
[discord.com/assets/261606ef80f1df34294a17e08b1db988.svg]
[discord.com/assets/b6193b9564ca0ecbbd1ed6b80f47646d.svg]
[discord.com/assets/2c49cb0b019dc56e36e7ed5602c37aee.svg]
[discord.com/assets/8defbbe53b9bd1536fa6636bc2f0a835.svg]
[discord.com/assets/d6c7adbddb60cfed4b88a9bfa9210032.png]
[discord.com/assets/00933827d9e2b3ecacc0a0a319211ddc.svg]
[discord.com/assets/40532.283dea0ae27a51c07073.css]
[discord.com/assets/22fd790491653d837422d80e3500cf92.svg]
[discord.com/assets/490864169c9ad323ba882ed7a388ca64.svg]
[discord.com/assets/0465bf5dca08d42fb8b642ecba138d03.svg]
[discord.com/assets/86548cb347b5acfb41bcb328c89b9bdc.svg]
[discord.com/assets/0a111abac0327b74a86ee380548ec5cd.svg]
[discord.com/assets/5656f17248cf747f56433a1d60c8c1bf.svg]
[discord.com/assets/fcd92bc77a099db37095457dd4dd2eec.svg]
[discord.com/assets/e689380400b1f2d2c6320a823a1ab079.svg]
[discord.com/assets/e83eaad3ae5c32a355b55f157e6cd3da.svg]
[discord.com/assets/bdfdb44edfec770fb4e448cbbebfe922.svg]
[discord.com/assets/3a10988d0f55c63294100b270818207a.svg]
[discord.com/assets/ba356d72b838326dae400f83c813411c.svg]
[discord.com/assets/48e17966070e58a560c33ccbe732058a.svg]
[discord.com/assets/3f0d56bf816fb54a4b70ef02e4f25687.svg]
[discord.com/assets/47034abf987d576279eef987473083b5.svg]
[discord.com/assets/74dabd23b4a8e624e0dc10b550b20b1f.svg]
[discord.com/assets/904d64be1ff945b93e95da5cef359eb8.svg]
[discord.com/assets/ad36553983828f46952c9ed776862250.svg]
[discord.com/assets/bc3d41e9c8cfc895a6f3caf66becb73b.svg]
[discord.com/assets/e803058a80fe9934741944df059f9763.svg]
[discord.com/assets/9121ee2c33595951f64e9398612a537e.svg]
[discord.com/assets/e310a4344ee7c4e812bb063375b41e30.svg]
[discord.com/assets/db4248ddd8d0f1799a849d824d466f57.svg]
[discord.com/assets/ad97c7ddd72e9fe28e0c9bd9ea777c8e.svg]
[discord.com/assets/02d35d04fa05b5322334f4bd2324e09b.svg]
[discord.com/assets/3facc8fa46487a0aa304b121d3f28bbe.svg]
[discord.com/assets/7d33cb354cdfcf74d7cfa903a194b1f4.svg]
[discord.com/assets/4dea3a3f0e77d5158c99a44c9efac74d.svg]
[discord.com/assets/04457b30c1c2fcb344cb4d12913c5191.svg]
[discord.com/assets/8396c7887cb828f5657a74646756fe77.svg]
[discord.com/assets/eb7086fd8c74f5c8268053bb6f746f75.svg]
[discord.com/assets/7d65d61e6cd25bf1847ec2d3e4a0144d.svg]
[discord.com/assets/1e626bd0dd9e3b21d0bd2881ee27aed5.svg]
[discord.com/assets/bc4473694702a770254612888326b5bd.svg]
[discord.com/assets/8d2cc61d9f06d4b1fb0e3b15b36b2817.svg]
[discord.com/assets/88635b43b1f70f094f034b1cce8ab329.svg]
[discord.com/assets/0d38d74cb19e600ad23ab12cb04bf3e5.svg]
[discord.com/assets/bb0498a0c697a956f54f2b26216d6a2e.svg]
[discord.com/assets/b49c87140d056234c2566d1806bd510a.svg]
[discord.com/assets/516c40b09f86cc79d7127c173dfffe22.svg]
[discord.com/assets/98d607da06d333690a5d16e9ae5317fa.svg]
[discord.com/assets/d8a7af65c03bfd40df71756283194bd4.svg]
[discord.com/assets/0dbdf08cf751af0a297d08948fff98ae.svg]
[discord.com/assets/132802a4de662c8581f75aaa9df281d9.svg]
[discord.com/assets/aeeddeacb76b998eb8812d5e30cc8c30.svg]
[discord.com/assets/c1dfd235e8d2b003634956536b3d2d47.svg]
[discord.com/assets/f8944710e64871658f6db8d977b62442.svg]
[discord.com/assets/dd7cd33166cc25b532bcbac1053d34aa.svg]
[discord.com/assets/522d0515f2aff1feb5ab80b948593e20.svg]
[discord.com/assets/4f3b99b76c1158fdd5606d1a782a1516.svg]
[discord.com/assets/aca5d7597a3e0a6496c4833ed85aca34.svg]
[discord.com/assets/25d8e777eb5efc5f8f24dd0529e1c208.svg]
[discord.com/assets/d9b856952d74569f7ea43a8924298f05.svg]
[discord.com/assets/2163b069be6ff10ed16e101c980a7c0d.svg]
[discord.com/assets/3abb539c6a85a5b8dcd4da5340d1a738.svg]
[discord.com/assets/82724216ddca798abb9f00ba4a8664b1.svg]
[discord.com/assets/27d1125b6bdbe688aff9b7ee87f4f9b7.svg]
[discord.com/assets/bd6accf050484943dee720c8dcfe32de.svg]
[discord.com/assets/9ee155142daa13a74e603cc1c1bad485.svg]
[discord.com/assets/6f6d652ea8bb11a8acde40a2916d2328.svg]
[discord.com/assets/feaff2557c548146aad83669db695e0b.svg]
[discord.com/assets/9a31e0f65d520cc12d7f42374d59a2d1.svg]
[discord.com/assets/335c097a216b2d5a3d1e2660f54139e6.svg]
[discord.com/assets/0fce6d7622d8173fcee0397634bff5b5.svg]
[discord.com/assets/7619529e87dad31fd2ae83d9b9583e49.svg]
[discord.com/assets/d5f72aff96864249408bb1023ce606c4.svg]
[discord.com/assets/9ad7e2f1ba2b687392a451866e8c1e9e.svg]
[discord.com/assets/ccd6653e4b9cedf670a9cb04cf266668.svg]
[discord.com/assets/b55aae0bca1abd3369da79d1e6618211.svg]
[discord.com/assets/c6252bc3f9adf69da8ef5af3b8e04c01.svg]
[discord.com/assets/a9cea9dcca399579f75e78d703989496.svg]
[discord.com/assets/d4303335f7d43a0f62cb9061f638974a.svg]
[discord.com/assets/f2b6352b388b1db124b024a67715adc3.svg]
[discord.com/assets/9f981a4377e84c4bbddeb477133793be.svg]
[discord.com/assets/9aaa6213fb0f5a266ceeb9395375ef8e.svg]
[discord.com/assets/dbca7d266dfd0c9bcf90013cb4a2814b.svg]
[discord.com/assets/4505cadcbd8107f1b72d0321f6800de5.svg]
[discord.com/assets/6e59980470e93127806be9304b7dc2ec.svg]
[discord.com/assets/1b30c341ef8e07222e5fbb4982b15fed.svg]
[discord.com/assets/4f2de8336d160442c074045047924e95.svg]
[discord.com/assets/dced41c080d0a15787074c0c828b094c.svg]
[discord.com/assets/acdcdf7b374842a2904df0c9bf4cea9f.svg]
[discord.com/assets/f0b5aa3811bdd1f1c230a55a9dae5c55.svg]
[discord.com/assets/de09c1a167a87741246b9f3ec239e0ea.svg]
[discord.com/assets/a7d42e6f52d4e9f4d5be448d267cda8f.svg]
[discord.com/assets/d7dddb95a4f4478bd53f16f2549a28a3.svg]
[discord.com/assets/3b308ce4ff40614b2fd543c826b3e192.svg]
[discord.com/assets/8a8ba76326c92159d8712b6fe2c39cc0.svg]
[discord.com/assets/6e99eb3adc1f2154c96d5ea33563b14c.svg]
[discord.com/assets/d5b3f5d3fc31cc6e7af394e139111b68.svg]
[discord.com/assets/04a2e1509ad72be575b1529b51ea3977.svg]
[discord.com/assets/94ff6fdc535b6ecb7b1bc54f2dd56a10.svg]
[discord.com/assets/f6af0869894912b0d08e2729fd9c22c9.svg]
[discord.com/assets/d1dab93347ab65e2b31d9dc39c9c5a9a.svg]
[discord.com/assets/a49aa0af67106dfc5fed4d6ebfa011c9.svg]
[discord.com/assets/86498d69483fd2386d7a4bc82a93ded3.svg]
[discord.com/assets/1e3eefd7b16f4e6b59faa3e3d48f582f.svg]
[discord.com/assets/f448e486ed9792938c6dcec4c476734b.svg]
[discord.com/assets/28e8c52ad284779a9272dad02a70fa4e.svg]
[discord.com/assets/82b585afafcfb12c4d013635a4543bb5.svg]
[discord.com/assets/f815a774c2b98d3109293a4e2afb733c.svg]
[discord.com/assets/78d93b25ab9e4fe1ee76ec312cf92dbb.svg]
[discord.com/assets/6ff26e2f51845db3ea3007037a43b167.svg]
[discord.com/assets/e61baf173edfbd88037ecdd2c793834e.svg]
[discord.com/assets/42ef570609616c81cc9f7159e08b1353.svg]
[discord.com/assets/99b4e2a4b65960511001b49b9a019e7f.svg]
[discord.com/assets/849927c9fad5972b8c02891fa64850f3.svg]
[discord.com/assets/80d54b21bc78a138787d5d27ec3e29ea.svg]
[discord.com/assets/d5bd759fc308772cbf277188cabdcc8f.svg]
[discord.com/assets/ad21e9327e71ab990fd1d7fb8cea66fc.svg]
[discord.com/assets/0eeb095cd923afdf420687347dc673ff.svg]
[discord.com/assets/9bc915142490d58b13ec0338055f5951.svg]
[discord.com/assets/80cb895c1ed74292d5cf0acabe103f32.svg]
[discord.com/assets/f3c810f01750d03953bf7227d360ee96.svg]
[discord.com/assets/ea6fbee8930d2ece33ce9c1cabb73304.svg]
[discord.com/assets/10f3f92b805960104c31ce9a33cbf87b.svg]
[discord.com/assets/0f1ee6bbf5a1ce9e9c6b37d2250223fa.svg]
[discord.com/assets/ff0ee0066558e1230f23a4a1c2f41bc2.svg]
[discord.com/assets/fa890ac72a9871fbe24c7a74cf2aa76a.svg]
[discord.com/assets/61182cd5889085a3f10f44136c6755c5.svg]
[discord.com/assets/aa57ca05643e288556792f7988a45645.svg]
[discord.com/assets/0900938b69556e12856351142790eb44.svg]
[discord.com/assets/3bbf81d9d0fa5c24795874e74c1ea08e.svg]
[discord.com/assets/7882c2216722a350bf14b0857360b76e.svg]
[discord.com/assets/4f9371d0bc8f05912d37af37e964d7ae.svg]
[discord.com/assets/6885526679ec150e9b8cee5f62f338d8.svg]
[discord.com/assets/d8ce9bec7a520cb905532aa7ee58197b.svg]
[discord.com/assets/e0dd6dd93ee71d0f3aaeac874aa4a0b2.svg]
[discord.com/assets/bc02d60ea7f4aa5b6c4b043b9fa1426b.svg]
[discord.com/assets/6d70d302ed36f6ac6f97341027611e44.svg]
[discord.com/assets/95285021063ce0032d8487edd56d8fa2.svg]
[discord.com/assets/ab5248827864bebaa1c6ff6a5247c715.svg]
[discord.com/assets/9c3bf6d67a4d6bef3c14d761ba11c000.svg]
[discord.com/assets/2006fcf7e8f1af88b5d3e323c750e8a8.svg]
[discord.com/assets/a58b28d84a1a949b4523fd79083c806f.svg]
[discord.com/assets/c2183335958f17681dec63cca0e72c5a.svg]
[discord.com/assets/65454777d66570697a69882f93146ea3.svg]
[discord.com/assets/515d0236bce3ba834026209dc78489f0.svg]
[discord.com/assets/a532e755c36b75762a75ff0794456efb.svg]
[discord.com/assets/35827c42a3af54bd169cff0a866eb428.svg]
[discord.com/assets/7252adb1cdb9603a49ce1bab7c3c41e7.svg]
[discord.com/assets/325421cb49d6e0717b8c7b9dfa2d4bdc.svg]
[discord.com/assets/5acc0abb7cbb015848085fc0993142bf.svg]
[discord.com/assets/a4389a7644d1ec25e7132159b71c5175.svg]
[discord.com/assets/ad55c3f2f2354618478e36f2a10f2ea3.svg]
[discord.com/assets/157ccfe93c91db60adddd48a75b69205.svg]
[discord.com/assets/9655e45a31ab290cf812ba2de902f232.svg]
[discord.com/assets/c1ebd9af7ce0a639af9d99b4980bda13.svg]
[discord.com/assets/6b35b41a1e3a8099667499b71414328b.svg]
[discord.com/assets/7b3a37fa249a857b0ff136db0a73f44c.svg]
[discord.com/assets/71581d199cdc2488d0918b917053d8c5.svg]
[discord.com/assets/4a1000a95b1aad334e98f9d15b9d0ec4.svg]
[discord.com/assets/be5f088125f778701a7e4fad471a45da.svg]
[discord.com/assets/82d8c5ce20dacf4bedb99089446ff365.svg]
[discord.com/assets/ac4e8d510fe8708104eddbe1b9597e1c.svg]
[discord.com/assets/b5ad3c52d0699af9b6987839875450d4.svg]
[discord.com/assets/eb69ec9fdd30653a3ade1ab501a7cd3d.svg]
[discord.com/assets/ec9826d3496e1fa6b695692bc7faba1d.svg]
[discord.com/assets/c970061def69b8226617841ca3089219.svg]
[discord.com/assets/46b24114f7276738329be3ae84e22da4.svg]
[discord.com/assets/b13ade832d7f19e30c5d2452b6cbdd53.svg]
[discord.com/assets/f334f65e4bd0c524ed8d2df198a2a7a8.svg]
[discord.com/assets/c2ed47028ad0b4603546768842e248f7.svg]
[discord.com/assets/b820b6002cb6ff7c3c2fb123d72c7866.svg]
[discord.com/assets/5ac6560624e22a61fff2594ffbaa354d.svg]
[discord.com/assets/313e343112d519165f840fbeb5e709b1.svg]
[discord.com/assets/e0989b9d43cd9ca4417b49f4f8fbebc6.svg]
[discord.com/assets/10883f4297b061ad31a056bcf2191699.svg]
[discord.com/assets/3086e999053d564a340193ef2f0e3dcd.svg]
[discord.com/assets/2366391afb15ed6c2a019a0c0caa0797.svg]
[discord.com/assets/6345e6aced36309efc7fe28a539383ab.svg]
[discord.com/assets/4da5a1105f56c7344ec198e25e99ce1b.svg]
[discord.com/assets/c7f26927db5e7806790f4e968038630a.svg]
[discord.com/assets/9eccd9710a1b3c2b7127bc1ab191a423.svg]
[discord.com/assets/293d215cc67a256ed2ef775e28922b3a.svg]
[discord.com/assets/ca9e397003df8b46709315d7a248c7de.svg]
[discord.com/assets/4f1b647aa3292d7d0c30658b659ed9f3.svg]
[discord.com/assets/d54b57e679714330982ff702e8f7f545.svg]
[discord.com/assets/b48ae9414698d83a5c39784b21a05547.svg]
[discord.com/assets/e2eb5f84f9f23d1abea5eae9987c0aa0.svg]
[discord.com/assets/0d04b819030111d1e27214be2bbe326b.svg]
[discord.com/assets/4d778f647fdb98bb77f6ebf5e2a5c188.svg]
[discord.com/assets/750a8ead5eca8745b14658a4ba5b0128.svg]
[discord.com/assets/70ef03e1dff821c96d373e035a0c7099.svg]
[discord.com/assets/0f152ba7085db988df2a28481e286102.svg]
[discord.com/assets/9b172a02c7a036b9e8eee3bb4f92081f.svg]
[discord.com/assets/03e1ac95e0dd757f16dc200bf6af9ba3.svg]
[discord.com/assets/1416806a4bfc6697e12807cd303914b2.svg]
[discord.com/assets/495e7ca1850af3ddc8bc130617549480.svg]
[discord.com/assets/ce73613685f715d326709ec90c1cd741.svg]
[discord.com/assets/f4e7ce8e56f954f5835783c9bd4ccaeb.svg]
[discord.com/assets/a04f42085864190541e748607e0f217f.svg]
[discord.com/assets/8aefe065ee9c1974b1b59b450e7e86a4.svg]
[discord.com/assets/c4b381a414f9b84d817ec0eb59ffaf3f.svg]
[discord.com/assets/63a3f34794926b2ee4e5ef22b5c31e15.svg]
[discord.com/assets/b21bd7d0978d3e2d41eefa8993333435.svg]
[discord.com/assets/a3e10c71ac14f74e1b70ac3d4fedd868.svg]
[discord.com/assets/8f79e7f01dbb1afeb122cb3e8c4a342f.svg]
[discord.com/assets/f203f5736b9aa0178751342dcc73548a.svg]
[discord.com/assets/7dfacc7529214e45b9e3cfd50979edea.svg]
[discord.com/assets/fcffc6cc34b642da86558cee621bee64.svg]
[discord.com/assets/64daebd4b8234f71908162347e3f8cd0.svg]
[discord.com/assets/b937b563ed01b661b5431a3eb5b9c476.svg]
[discord.com/assets/ee9dc7a136bd13d79c5c995d36a255d5.svg]
[discord.com/assets/66b66e8ee672e7d5c3edd7d139efe166.svg]
[discord.com/assets/1e1068ac8e8da6dff09d86fbbbd7622f.svg]
[discord.com/assets/53a7243150bf05759b81a208b87d3dc5.svg]
[discord.com/assets/887423e438a9b6dcb31a73d597c11a84.svg]
[discord.com/assets/d3bb5f3e5859cc8735a9d87121efb72a.svg]
[discord.com/assets/48c9711c9fabbd43182bcaf602201b48.svg]
[discord.com/assets/0a14344c0e0bfe3a52aa245ecaaebca7.svg]
[discord.com/assets/809b55fb8506efded716cfe138cc792f.svg]
[discord.com/assets/8510ff4ea69220cd228e285469a6b236.svg]
[discord.com/assets/4d8c26b9b004da398fb8940d194e3aaa.svg]
[discord.com/assets/9f65387c814dd4cb5aff4e4e1e7e0446.svg]
[discord.com/assets/a64239d24af91a983ec1fd43fdadb323.svg]
[discord.com/assets/8b7165c3ca8f930bf6a1cf4ad12de85a.svg]
[discord.com/assets/35000dd88d1b338a790f3e387cbd7e7a.svg]
[discord.com/assets/1dabb8ee5d7cb5137c06f958e0091573.svg]
[discord.com/assets/25f3555f54d3c872f0ac7a5922c8eccf.svg]
[discord.com/assets/a04c7c4c4ae704b78f6468eb4cbf734e.svg]
[discord.com/assets/35b49c535a7872bfc0a260fd3b3cb76e.svg]
[discord.com/assets/e1865a8cd9d685b3f6b69d22adc9b429.svg]
[discord.com/assets/54e7d417006439ced906da5709c645ab.svg]
[discord.com/assets/da0c4a32b44b04d50f7951b925a39063.svg]
[discord.com/assets/bdbb8326fbb4834998152887ddbdb0c8.svg]
[discord.com/assets/81673077ca178aa1173cfdca182420d8.svg]
[discord.com/assets/0e42ea80ec097e94d0ea07a548d71419.svg]
[discord.com/assets/c4bc7d01b54d4bb9046bbc5051b1cbf6.svg]
[discord.com/assets/fb792f56515490f402b731abf6af5d45.svg]
[discord.com/assets/1c0a5d38bdeaaad433b68cf6092ed510.svg]
[discord.com/assets/71a7939f9ef15158d98df9631376f556.svg]
[discord.com/assets/f6a272d9794eb33939cf1baa953ceb3e.svg]
[discord.com/assets/87f8416faec0691b96525d0bb3027809.svg]
[discord.com/assets/53f55b3440fdb173157bc186ad55d8df.svg]
[discord.com/assets/a8a60a0c769ac617b7d45ce6dfd6d868.svg]
[discord.com/assets/a5c938bf1cae59967224bba5de081444.svg]
[discord.com/assets/322e40dbe0a53b42e24e55d3dde27302.svg]
[discord.com/assets/74b81ba39f1fcffeb127f170caa3c77a.svg]
[discord.com/assets/e37ba1ce8c91cdcc5527a94624164b86.svg]
[discord.com/assets/c88a796414967a623877f9db65fb573e.svg]
[discord.com/assets/c2444dcd61013024fb748a60011e6795.svg]
[discord.com/assets/300e087e19801f66245a07a278a9feef.svg]
[discord.com/assets/0d6eb13777b695b3992f378496d25c1a.svg]
[discord.com/assets/6af2bcd8d8a9214369181eb73a6ea2bf.svg]
[discord.com/assets/0dcf63b01d328ecb33a6426f0aa0b167.svg]
[discord.com/assets/71e404e665541ef97f99fe9af6593aca.svg]
[discord.com/assets/dd4b5d1ce6a5b8725648791248bf83a5.svg]
[discord.com/assets/0620b6b2ad737c95308e3224ee02ffcc.svg]
[discord.com/assets/21cde355fe6332a12322e26cb18168bd.svg]
[discord.com/assets/9328a2df4b542ac8725b57010a52f73b.svg]
[discord.com/assets/3c32e44f20ad22e786aed0252582983c.svg]
[discord.com/assets/8f0bbe7caf676d20bd2734881f173c5e.svg]
[discord.com/assets/06d8e21539e634cbc0f2ecf38f1bb2bb.svg]
[discord.com/assets/22e66f36d4665b822d7cf5b440d885ec.svg]
[discord.com/assets/229a254e529ad5ed1cc98b03ae0e46d0.svg]
[discord.com/assets/ba428dbc5e363a60a0038484863d0659.svg]
[discord.com/assets/23e073eb0ee21f94de11e5d0a7eec50e.svg]
[discord.com/assets/f69210154879227d0ede0308465cf388.svg]
[discord.com/assets/4ded4c98c530d6feeef4cddfd50a1c3d.svg]
[discord.com/assets/dfc166734d9c553eec7081f0cf785d98.svg]
[discord.com/assets/2bd96770d9e72ba7266fbfa23f2f93e1.svg]
[discord.com/assets/691cf187cd943ed81f043740606878e7.svg]
[discord.com/assets/fe7aeea6c0c96a39eefc1d27714ae445.svg]
[discord.com/assets/54205f81874ad989414d6f27565c6439.svg]
[discord.com/assets/ba5dca4936081060ff0575545e5cf09a.svg]
[discord.com/assets/439bf25fd3b8fb637f9ad6991c7165f9.svg]
[discord.com/assets/d4b5fb76bde7eccc9cc729d0d434845b.svg]
[discord.com/assets/48c5a8a2a17ddd205b154a1e0f0adbe8.svg]
[discord.com/assets/e75d0b20881725f13cbd081083e1e838.svg]
[discord.com/assets/139538c2c7f64ae31ce50e23eae3885e.svg]
[discord.com/assets/55de1b4f8dcf61ce75cf1ee1fb88bf09.svg]
[discord.com/assets/8e6931bbb72ea565d3c86d23b5b14e9e.svg]
[discord.com/assets/9e764c1bae67c18c43b505a9a87105ed.svg]
[discord.com/assets/8bf3e4e5bbe9b4b18e696247117d0351.svg]
[discord.com/assets/d64ea1b480519e7ed3858965c3d35076.svg]
[discord.com/assets/d441a32c45c82f6185df2522109cf541.svg]
[discord.com/assets/882c9d0f1a3a662d22041933c3de7a2a.svg]
[discord.com/assets/8e9b02f534e76bf7d3209dac3109cc99.svg]
[discord.com/assets/2a67ff191290e6a76fa827ea24134a59.svg]
[discord.com/assets/00d3179320d7daf562c1540cefccf28d.svg]
[discord.com/assets/34ec9a651f00e971b4f78f2fdd570a97.svg]
[discord.com/assets/e74d1a4db5fe1fd9c19ff9949bba9b7e.svg]
[discord.com/assets/9bf8fed32ea1051b833a89b67cd8de18.svg]
[discord.com/assets/22fd0ab3562af24ea964465bb65531aa.svg]
[discord.com/assets/fd541825b6853aaae233ad9d83e05a18.svg]
[discord.com/assets/528ae525a9823affbcd2a35bd20573b0.svg]
[discord.com/assets/448b698d906ab4d93b609282595a1c9d.svg]
[discord.com/assets/858ab2bdee17ca226df85e23263bcf3a.svg]
[discord.com/assets/da5f0aa4b5ccf0165b4220ba9929ea59.svg]
[discord.com/assets/993b5f52b8bd8d1c1c34cac05015c331.svg]
[discord.com/assets/d0dc8a4c8ea55b119c5c2cccf69b031f.svg]
[discord.com/assets/00124e254d0d86c37f6d02ec0c5b1e02.svg]
[discord.com/assets/e2c0846875f889524e3d60e7d25afa55.svg]
[discord.com/assets/35de2007bfe0db9821881321d8b7c1fe.svg]
[discord.com/assets/9aa6e9df74888ec09885bb08341800be.svg]
[discord.com/assets/bef4eebd4f9e00aabbfa7de1949c8565.svg]
[discord.com/assets/210ac667f45d13bc52020744f008b1ed.svg]
[discord.com/assets/03f717eddad9ac74a1900254625657cf.svg]
[discord.com/assets/aa9f9c29b51e414f0476d4388031aaf4.svg]
[discord.com/assets/dfad85fc7c072498298077f68cf006ca.svg]
[discord.com/assets/7093e58edcd5202a129a6e4fbf427c6d.svg]
[discord.com/assets/c254ffdde9bc5c90c5ec5d9e11dbf382.svg]
[discord.com/assets/561a626f671b8fd8f0c2e85c97df9b04.svg]
[discord.com/assets/eeaa7c1199e8f4cdb46de98c9b924edf.svg]
[discord.com/assets/3d941eb2606379c2ee9b753f7acf2845.svg]
[discord.com/assets/d84fd42fb2edf983cc5b5dc1007a33ca.svg]
[discord.com/assets/afbb21036aa2e7d8f15fa10dd6232fc0.svg]
[discord.com/assets/f2a78cdd6471e760e88d1835e8b137d0.svg]
[discord.com/assets/dc170fee1d99b55abe1c4028f28659e8.svg]
[discord.com/assets/d89511b11686ab5c942b3ef900e3d0eb.svg]
[discord.com/assets/552bbc1a21ccdc1778e72f30154593ef.svg]
[discord.com/assets/cabae264554f285fceed705e2585c439.svg]
[discord.com/assets/2c8eb55866004b9c01f87018f19011e9.svg]
[discord.com/assets/421e9ec77829ec1e4b1dd492dfad2f8a.svg]
[discord.com/assets/424e19296e4f30c0c8424f8407512b94.svg]
[discord.com/assets/f0fd53980da8cde41a97db3cf20de65d.svg]
[discord.com/assets/cbaf9a2a8548c4aae2fc177de072d5d2.svg]
[discord.com/assets/c2d2c156e14ebe83f4bb52c184f2a3a4.svg]
[discord.com/assets/7c41ddc1348f9dbdb3fb1be4bf92f0e4.svg]
[discord.com/assets/3633d3f53044ef4e496fa370813c5905.svg]
[discord.com/assets/d8371709428ae18e72c92a419931f43f.svg]
[discord.com/assets/40c7bc64839852a875c69b4bf2182676.svg]
[discord.com/assets/eb38bedd2469cc0ee75d038314b808de.svg]
[discord.com/assets/6b6db1ab88f06c54d63c553b09822749.svg]
[discord.com/assets/9aab26efad30d10d2a457e25b816bd76.svg]
[discord.com/assets/bd04383ff5def04b9a03fd70f545ae34.svg]
[discord.com/assets/192d6baea83c7c91a2d07c81f7fb141a.svg]
[discord.com/assets/208ed87ce5401340f7f0107a37b5d3d4.svg]
[discord.com/assets/caca0f65f52140e03fba15fc666b6500.svg]
[discord.com/assets/42c2c7c4e9cc8342b3d5c34d0211ad69.svg]
[discord.com/assets/30b0855344a020eac6b0ca6eac7032ec.svg]
[discord.com/assets/e3312dc8d97775870f1da4bc1ff61483.svg]
[discord.com/assets/3639bb4c56bed95e6f94afc559c43d47.svg]
[discord.com/assets/5d8ca78c2104a69c181ded43b78e079f.svg]
[discord.com/assets/11bb4ac0e9948234f1aeb60ec214570c.svg]
[discord.com/assets/912c7488630bf6d0da905e3b9293f9eb.svg]
[discord.com/assets/54b294382d96f7ab297288717b354713.svg]
[discord.com/assets/c82a338481fab7f7e335bda505e3f345.svg]
[discord.com/assets/e5556addb7978d2ae5e26c2ccaba2452.svg]
[discord.com/assets/accc8b41fc38a312f8279b963469033d.svg]
[discord.com/assets/f57fff65eb6427350304edd446efbc6d.svg]
[discord.com/assets/7846232810e6f4e37b1bae1e482a9232.svg]
[discord.com/assets/707096e9eaf6b0cf1e36af29ca70e342.svg]
[discord.com/assets/16cbaa97e5daa42bbc69cf064011be69.svg]
[discord.com/assets/3ba82b28fba53cc606486b5cf48c3c30.svg]
[discord.com/assets/7fcb750721a08b543ba49fb04bd04158.svg]
[discord.com/assets/a6e2e9dd83ec6c968d42f004d96e5907.svg]
[discord.com/assets/b43b723336cb382bc2eb8c484abf2160.svg]
[discord.com/assets/c32a6f214c276af4b954c27871de54b4.svg]
[discord.com/assets/9d16f52a2e1916dad97427908397c4d7.svg]
[discord.com/assets/2b793215c12cf157af4164982db28323.svg]
[discord.com/assets/ad66c2b1e739060afe74de24f7cc4f97.svg]
[discord.com/assets/369e96a61ac2a37279f81ba839f3b9b2.svg]
[discord.com/assets/f057d122337814596b28b4640cfc5671.svg]
[discord.com/assets/1172f342cd026cc5e76d117747c63a32.svg]
[discord.com/assets/57ab3aa7de95fc120eb7460789a1e2a7.svg]
[discord.com/assets/05634c67dd717b851ce0599ac9997812.svg]
[discord.com/assets/579816de0b3fa8045cb75173f0ce1c90.svg]
[discord.com/assets/eb160ae7fd249c898814e56872de0fcb.svg]
[discord.com/assets/872ee948daf0cdf444994e7454751e9b.svg]
[discord.com/assets/0d16e62fc3a84fc7e76b06584b646df9.svg]
[discord.com/assets/acb954ff414b98380056308d56efcbfd.svg]
[discord.com/assets/13cb217fd14b022bf4b00dcc8c157238.svg]
[discord.com/assets/e346e6a656f54e928bddef4ca3db088a.svg]
[discord.com/assets/ffa0a8d74568beaa8ec72dd51951685c.svg]
[discord.com/assets/a939f6aa6ca4c7b5d950ce293297ea7a.svg]
[discord.com/assets/5c04f20482acf883864fb4b8ebe4c21d.svg]
[discord.com/assets/821af47396cd9ac94ff55bfb5f5d94c3.svg]
[discord.com/assets/148f1855747994b4d58b685f8a36c591.svg]
[discord.com/assets/c84cb9e80bae3fc33ac8085581bc2246.svg]
[discord.com/assets/261606ef80f1df34294a17e08b1db988.svg]
[discord.com/assets/b6193b9564ca0ecbbd1ed6b80f47646d.svg]
[discord.com/assets/2c49cb0b019dc56e36e7ed5602c37aee.svg]
[discord.com/assets/8defbbe53b9bd1536fa6636bc2f0a835.svg]
[discord.com/assets/00933827d9e2b3ecacc0a0a319211ddc.svg]
[discord.com/assets/04457b30c1c2fcb344cb4d12913c5191.svg]
